<?xml version="1.0" encoding="UTF-8"?>
<!-- Generated by org.testng.reporters.JUnitXMLReporter -->
<testsuite ignored="0" hostname="DESKTOP-R9KBHIN" failures="0" tests="3" name="Default test" time="0.21" errors="0" timestamp="2022-08-30T04:43:17 IST">
  <testcase classname="newpackage.Demo2" name="testregistration" time="0.033"/>
  <testcase classname="newpackage.Demo2" name="testlogin" time="0.012"/>
  <testcase classname="newpackage.Demo2" name="testhomepage" time="0.009"/>
</testsuite> <!-- Default test -->
