<?xml version="1.0" encoding="UTF-8"?>
<testng-results ignored="0" total="3" passed="3" failed="0" skipped="0">
  <reporter-output>
  </reporter-output>
  <suite started-at="2022-08-30T04:43:16 IST" name="Default suite" finished-at="2022-08-30T04:43:16 IST" duration-ms="210">
    <groups>
    </groups>
    <test started-at="2022-08-30T04:43:16 IST" name="Default test" finished-at="2022-08-30T04:43:16 IST" duration-ms="210">
      <class name="newpackage.Demo2">
        <test-method signature="testregistration()[pri:1, instance:newpackage.Demo2@3febb011]" started-at="2022-08-30T04:43:16 IST" name="testregistration" finished-at="2022-08-30T04:43:16 IST" duration-ms="33" status="PASS">
          <reporter-output>
          </reporter-output>
        </test-method> <!-- testregistration -->
        <test-method signature="testlogin()[pri:2, instance:newpackage.Demo2@3febb011]" started-at="2022-08-30T04:43:16 IST" name="testlogin" finished-at="2022-08-30T04:43:16 IST" duration-ms="12" status="PASS">
          <reporter-output>
          </reporter-output>
        </test-method> <!-- testlogin -->
        <test-method signature="testhomepage()[pri:3, instance:newpackage.Demo2@3febb011]" started-at="2022-08-30T04:43:16 IST" name="testhomepage" finished-at="2022-08-30T04:43:16 IST" duration-ms="9" status="PASS">
          <reporter-output>
          </reporter-output>
        </test-method> <!-- testhomepage -->
      </class> <!-- newpackage.Demo2 -->
    </test> <!-- Default test -->
  </suite> <!-- Default suite -->
</testng-results>
